<?xml version="1.0" encoding="UTF-8"?>
<!-- Generated by org.testng.reporters.JUnitReportReporter -->
<testsuite hostname="rajesh" failures="0" tests="2" name="org.news.TestB" time="0.009" errors="0" timestamp="24 Oct 2021 19:42:34 GMT" skipped="0">
  <testcase classname="org.news.TestB" name="tc5" time="0.004"/>
  <testcase classname="org.news.TestB" name="tc1" time="0.005"/>
</testsuite> <!-- org.news.TestB -->
