<?xml version="1.0" encoding="UTF-8"?>
<!-- Generated by org.testng.reporters.JUnitReportReporter -->
<testsuite hostname="rajesh" failures="0" tests="1" name="org.news.TestA" time="0.027" errors="0" timestamp="24 Oct 2021 19:42:34 GMT" skipped="0">
  <testcase classname="org.news.TestA" name="tc2" time="0.027"/>
</testsuite> <!-- org.news.TestA -->
