<?xml version="1.0" encoding="UTF-8"?>
<!-- Generated by org.testng.reporters.JUnitReportReporter -->
<testsuite hostname="rajesh" failures="0" tests="3" name="org.news.TestC" time="0.042" errors="0" timestamp="24 Oct 2021 19:42:34 GMT" skipped="0">
  <testcase classname="org.news.TestC" name="tc7" time="0.020"/>
  <testcase classname="org.news.TestC" name="tc8" time="0.004"/>
  <testcase classname="org.news.TestC" name="tc9" time="0.018"/>
</testsuite> <!-- org.news.TestC -->
